#
# A fatal error has been detected by the Java Runtime Environment:
#
#  SIGSEGV (0xb) at pc=0x000000010ac67446, pid=7298, tid=41987
#
# JRE version: OpenJDK Runtime Environment (15.0.1+9) (build 15.0.1+9)
# Java VM: OpenJDK 64-Bit Server VM (15.0.1+9, mixed mode, sharing, tiered, compressed oops, g1 gc, bsd-amd64)
# Problematic frame:
# C  [libjimage.dylib+0x7446]  _ZNK15ImageFileReader19find_location_indexEPKcPy+0x86
#
# No core dump will be written. Core dumps have been disabled. To enable core dumping, try "ulimit -c unlimited" before starting Java again
#
# If you would like to submit a bug report, please visit:
#   https://bugreport.java.com/bugreport/crash.jsp
#

---------------  S U M M A R Y ------------

Command Line: -XX:+ShowCodeDetailsInExceptionMessages -agentlib:jdwp=transport=dt_socket,suspend=y,address=localhost:55363 -javaagent:/Users/vitortorres/eclipse/java-2020-12/Eclipse.app/Contents/Eclipse/configuration/org.eclipse.osgi/213/0/.cp/lib/javaagent-shaded.jar -Dfile.encoding=UTF-8 org.epilogtool.Launcher

Host: MacBookAir6,2 x86_64 1300 MHz, 4 cores, 4G, Darwin 19.6.0
Time: Sun Apr  4 18:29:50 2021 WEST elapsed time: 615.447471 seconds (0d 0h 10m 15s)

---------------  T H R E A D  ---------------

Current thread (0x00007fb3ac823e00):  JavaThread "Signal Dispatcher" daemon [_thread_in_vm, id=41987, stack(0x000070000e5fa000,0x000070000e6fa000)]

Stack: [0x000070000e5fa000,0x000070000e6fa000],  sp=0x000070000e6f8360,  free space=1016k
Native frames: (J=compiled Java code, A=aot compiled Java code, j=interpreted, Vv=VM code, C=native code)
C  [libjimage.dylib+0x7446]  _ZNK15ImageFileReader19find_location_indexEPKcPy+0x86
C  [libjimage.dylib+0x78d1]  JIMAGE_FindResource+0xd1
V  [libjvm.dylib+0x29061a]  _ZN19ClassPathImageEntry22open_stream_for_loaderEPKcP15ClassLoaderDataP6Thread+0x7a
V  [libjvm.dylib+0x294485]  _ZN11ClassLoader10load_classEP6SymbolbP6Thread+0x155
