#
# A fatal error has been detected by the Java Runtime Environment:
#
#  SIGSEGV (0xb) at pc=0x0000000108432446, pid=12524, tid=42499
#
# JRE version: OpenJDK Runtime Environment (15.0.1+9) (build 15.0.1+9)
# Java VM: OpenJDK 64-Bit Server VM (15.0.1+9, mixed mode, sharing, tiered, compressed oops, g1 gc, bsd-amd64)
# Problematic frame:
# C  [libjimage.dylib+0x7446]  _ZNK15ImageFileReader19find_location_indexEPKcPy+0x86
#
# No core dump will be written. Core dumps have been disabled. To enable core dumping, try "ulimit -c unlimited" before starting Java again
#
# If you would like to submit a bug report, please visit:
#   https://bugreport.java.com/bugreport/crash.jsp
#

---------------  S U M M A R Y ------------

Command Line: -XX:+ShowCodeDetailsInExceptionMessages -agentlib:jdwp=transport=dt_socket,suspend=y,address=localhost:55585 -javaagent:/Users/vitortorres/eclipse/java-2020-12/Eclipse.app/Contents/Eclipse/configuration/org.eclipse.osgi/213/0/.cp/lib/javaagent-shaded.jar -Dfile.encoding=UTF-8 org.epilogtool.Launcher

Host: MacBookAir6,2 x86_64 1300 MHz, 4 cores, 4G, Darwin 19.6.0
Time: Wed Mar 31 02:49:56 2021 WEST elapsed time: 51.063182 seconds (0d 0h 0m 51s)

---------------  T H R E A D  ---------------

Current thread (0x00007ff48800b200):  JavaThread "Signal Dispatcher" daemon [_thread_in_vm, id=42499, stack(0x0000700009ca0000,0x0000700009da0000)]

Stack: [0x0000700009ca0000,0x0000700009da0000],  sp=0x0000700009d9e360,  free space=1016k
Native frames: (J=compiled Java code, A=aot compiled Java code, j=interpreted, Vv=VM code, C=native code)
C  [libjimage.dylib+0x7446]  _ZNK15ImageFileReader19find_location_indexEPKcPy+0x86
C  [libjimage.dylib+0x78d1]  JIMAGE_FindResource+0xd1
V  [libjvm.dylib+0x29061a]  _ZN19ClassPathImageEntry22open_stream_for_loaderEPKcP15ClassLoaderDataP6Thread+0x7a
V  [libjvm.dylib+0x294485]  _ZN11ClassLoader10load_classEP6SymbolbP6Thread+0x155
V  [libjvm.dylib+0x9bedf7]  _ZN16SystemDictionary19load_instance_classEP6Symbol6HandleP6Thread+0x337
V  [libjvm.dylib+0x9bd935]  _ZN16SystemDictionary30resolve_instance_class_or_nullEP6Symbol6HandleS2_P6Thread+0x7e5
V  [libjvm.dylib+0x9bcb8f]  _ZN16SystemDictionary15resolve_or_failEP6Symbol6HandleS2_bP6Thread+0x5f
V  [libjvm.dylib+0x2ef1ab]  _ZN12ConstantPool13klass_at_implERK18constantPoolHandleibP6Thread+0x19b
V  [libjvm.dylib+0x216742]  _ZN12ConstantPool8klass_atEiP6Thread+0x102
V  [libjvm.dylib+0x4a52a4]  _ZN18InterpreterRuntime4_newEP10JavaThreadP12ConstantPooli+0x24
j  jdk.internal.misc.Signal.dispatch(I)V+25 java.base@15.0.1
v  ~StubRoutines::call_stub
V  [libjvm.dylib+0x4b019d]  _ZN9JavaCalls11call_helperEP9JavaValueRK12methodHandleP17JavaCallArgumentsP6Thread+0x2cd
V  [libjvm.dylib+0x4af82b]  _ZN9JavaCalls11call_staticEP9JavaValueP5KlassP6SymbolS5_P17JavaCallArgumentsP6Thread+0x1ab
V  [libjvm.dylib+0x823f65]  _ZL19signal_thread_entryP10JavaThreadP6Thread+0x3e5
V  [libjvm.dylib+0xa03962]  _ZN10JavaThread17thread_main_innerEv+0xb2
V  [libjvm.dylib+0xa00b11]  _ZN6Thread8call_runEv+0x71
V  [libjvm.dylib+0x8289c7]  _ZL19thread_native_entryP6Thread+0x1a7
C  [libsystem_pthread.dylib+0x6109]  _pthread_start+0x94
C  [libsystem_pthread.dylib+0x1b8b]  thread_start+0xf

Java frames: (J=compiled Java code, j=interpreted, Vv=VM code)
j  jdk.internal.misc.Signal.dispatch(I)V+25 java.base@15.0.1
v  ~StubRoutines::call_stub

siginfo: si_signo: 11 (SIGSEGV), si_code: 1 (SEGV_MAPERR), si_addr: 0x0000000109e7fdc8

Register to memory mapping:

RAX=0x000000000000ec09 is an unknown value
RBX=0x00000001084332a0: _ZN12NativeEndian7_nativeE+0 in /usr/local/Cellar/openjdk/15.0.1/libexec/openjdk.jdk/Contents/Home/lib/libjimage.dylib at 0x000000010842b000
RCX=0x0 is NULL
RDX=0x0000000000007f6b is an unknown value
RSP=0x0000700009d9e360 is pointing into the stack for thread: 0x00007ff48800b200
RBP=0x0000700009d9e3d0 is pointing into the stack for thread: 0x00007ff48800b200
RSI=0x0000000076100fa4 is an unknown value
RDI=0x00000001084332a0: _ZN12NativeEndian7_nativeE+0 in /usr/local/Cellar/openjdk/15.0.1/libexec/openjdk.jdk/Contents/Home/lib/libjimage.dylib at 0x000000010842b000
R8 =0x0000700009d9f480 is pointing into the stack for thread: 0x00007ff48800b200
R9 =0x0000700009d9f380 is pointing into the stack for thread: 0x00007ff48800b200
R10=0x000000010990cd6c: _ZL18hsdis_library_name+0x12339 in /usr/local/Cellar/openjdk/15.0.1/libexec/openjdk.jdk/Contents/Home/lib/server/libjvm.dylib at 0x0000000108e00000
R11=0xfffff00b82f97012 is an unknown value
R12=0x0000700009d9e400 is pointing into the stack for thread: 0x00007ff48800b200
R13=0x000000000000800c is an unknown value
R14=0x00007ff486d0aca0 points into unknown readable memory: 0x00007ff486d0ade0 | e0 ad d0 86 f4 7f 00 00
R15=0x0000000109e6001c is an unknown value


Registers:
RAX=0x000000000000ec09, RBX=0x00000001084332a0, RCX=0x0000000000000000, RDX=0x0000000000007f6b
RSP=0x0000700009d9e360, RBP=0x0000700009d9e3d0, RSI=0x0000000076100fa4, RDI=0x00000001084332a0
R8 =0x0000700009d9f480, R9 =0x0000700009d9f380, R10=0x000000010990cd6c, R11=0xfffff00b82f97012
R12=0x0000700009d9e400, R13=0x000000000000800c, R14=0x00007ff486d0aca0, R15=0x0000000109e6001c
RIP=0x0000000108432446, EFLAGS=0x0000000000010246, ERR=0x0000000000000004
  TRAPNO=0x000000000000000e

Top of Stack: (sp=0x0000700009d9e360)
0x0000700009d9e360:   0000000000000000 0000000000000000
0x0000700009d9e370:   0000000000000000 0000000000000000
0x0000700009d9e380:   0000000000000000 0000000000000000
0x0000700009d9e390:   0000000000000000 0000000000000000
0x0000700009d9e3a0:   0000700009d9f480 0000000000000000
0x0000700009d9e3b0:   00007ff486e073f0 0000700009d9e400
0x0000700009d9e3c0:   0000000000000020 0000000000000002
0x0000700009d9e3d0:   0000700009d9f430 00000001084328d1
0x0000700009d9e3e0:   0000000000000000 00007ff486d0aca0
0x0000700009d9e3f0:   0000700009d9f480 0000000000000022
0x0000700009d9e400:   6e692f6b646a2f2f 6d2f6c616e726574
0x0000700009d9e410:   6e6769532f637369 616c632e31246c61
0x0000700009d9e420:   0000000000007373 0000000000000000
0x0000700009d9e430:   0000000000000000 0000000000000000
0x0000700009d9e440:   0000000000000000 0000000000000000
0x0000700009d9e450:   0000000000000000 0000000000000000
0x0000700009d9e460:   0000000000000000 0000000000000000
0x0000700009d9e470:   0000000000000000 0000000000000000
0x0000700009d9e480:   0000000000000000 0000000000000000
0x0000700009d9e490:   0000000000000000 0000000000000000
0x0000700009d9e4a0:   0000000000000000 0000000000000000
0x0000700009d9e4b0:   0000000000000000 0000000000000000
0x0000700009d9e4c0:   0000000000000000 0000000000000000
0x0000700009d9e4d0:   0000000000000000 0000000000000000
0x0000700009d9e4e0:   0000000000000000 0000000000000000
0x0000700009d9e4f0:   0000000000000000 0000000000000000
0x0000700009d9e500:   0000000000000000 0000000000000000
0x0000700009d9e510:   0000000000000000 0000000000000000
0x0000700009d9e520:   0000000000000000 0000000000000000
0x0000700009d9e530:   0000000000000000 0000000000000000
0x0000700009d9e540:   0000000000000000 0000000000000000
0x0000700009d9e550:   0000000000000000 0000000000000000 

Instructions: (pc=0x0000000108432446)
0x0000000108432346:   14 38 d0 75 51 48 ff c1 0f b6 43 01 48 ff c3 84
0x0000000108432356:   c0 75 e7 31 c0 41 8b 56 20 41 8a 0c 17 84 c9 74
0x0000000108432366:   44 3c 2e 75 31 8a 43 01 84 c0 74 37 4a 8d 54 3a
0x0000000108432376:   01 31 f6 0f 1f 80 00 00 00 00 38 c8 75 18 0f b6
0x0000000108432386:   44 33 02 84 c0 74 1c 0f b6 0c 32 48 ff c6 84 c9
0x0000000108432396:   75 e8 b0 01 eb 0f 31 c0 48 83 c4 08 5b 41 5e 41
0x00000001084323a6:   5f 5d c3 31 c0 84 c0 0f 94 c0 eb ec 66 2e 0f 1f
0x00000001084323b6:   84 00 00 00 00 00 0f 1f 40 00 55 48 89 e5 41 57
0x00000001084323c6:   41 56 41 55 41 54 53 48 83 ec 48 48 89 55 d0 49
0x00000001084323d6:   89 f4 49 89 fe 48 8b 5f 10 4c 8b 7f 50 8b 77 30
0x00000001084323e6:   48 8b 03 48 89 df ff 50 08 41 89 c5 31 c0 4d 85
0x00000001084323f6:   ff 0f 84 e9 01 00 00 45 85 ed 0f 84 e0 01 00 00
0x0000000108432406:   41 8a 0c 24 84 c9 74 2e 4c 89 e0 49 8d 54 24 01
0x0000000108432416:   b8 93 01 00 01 0f 1f 44 00 00 69 f0 93 01 00 01
0x0000000108432426:   0f b6 c1 31 f0 0f b6 0a 48 ff c2 84 c9 75 eb 25
0x0000000108432436:   ff ff ff 7f eb 05 b8 93 01 00 01 31 d2 41 f7 f5
0x0000000108432446:   41 8b 34 97 48 8b 03 48 89 df ff 50 20 85 c0 7e
0x0000000108432456:   3c 41 8a 0c 24 84 c9 74 26 4c 89 e2 49 8d 54 24
0x0000000108432466:   01 66 0f 1f 84 00 00 00 00 00 69 f0 93 01 00 01
0x0000000108432476:   0f b6 c1 31 f0 0f b6 0a 48 ff c2 84 c9 75 eb 25
0x0000000108432486:   ff ff ff 7f 31 d2 41 f7 f5 89 d0 eb 08 0f 84 4b
0x0000000108432496:   01 00 00 f7 d0 49 8b 7e 10 49 8b 4e 58 89 c0 8b
0x00000001084324a6:   34 81 48 8b 07 ff 50 08 41 89 c5 85 c0 0f 84 f5
0x00000001084324b6:   00 00 00 49 8b 46 60 44 89 ea 0f 57 c0 0f 29 45
0x00000001084324c6:   c0 0f 29 45 b0 0f 29 45 a0 0f 29 45 90 8a 0c 10
0x00000001084324d6:   84 c9 0f 84 e3 00 00 00 48 01 d0 eb 2a 66 2e 0f
0x00000001084324e6:   1f 84 00 00 00 00 00 0f 1f 00 80 e1 f8 0f b6 c9
0x00000001084324f6:   48 89 5c 0d 90 0f b6 4c 02 02 48 8d 44 02 02 84
0x0000000108432506:   c9 0f 84 b4 00 00 00 0f b6 d1 83 e2 07 0f b6 58
0x0000000108432516:   01 84 d2 74 d5 8d 7a 01 48 89 de 48 c1 e6 08 0f
0x0000000108432526:   b6 58 02 48 09 f3 40 80 ff 02 74 be 48 89 de 48
0x0000000108432536:   c1 e6 08 0f b6 58 03 48 09 f3 40 80 ff 03 74 aa 


Stack slot to memory mapping:
stack at sp + 0 slots: 0x0 is NULL
stack at sp + 1 slots: 0x0 is NULL
stack at sp + 2 slots: 0x0 is NULL
stack at sp + 3 slots: 0x0 is NULL
stack at sp + 4 slots: 0x0 is NULL
stack at sp + 5 slots: 0x0 is NULL
stack at sp + 6 slots: 0x0 is NULL
stack at sp + 7 slots: 0x0 is NULL


---------------  P R O C E S S  ---------------

Threads class SMR info:
_java_thread_list=0x00007ff48b72d8d0, length=18, elements={
0x00007ff489021e00, 0x00007ff489024600, 0x00007ff48800b200, 0x00007ff48800b800,
0x00007ff489024000, 0x00007ff487008e00, 0x00007ff48786ec00, 0x00007ff487020000,
0x00007ff48786f200, 0x00007ff48785b800, 0x00007ff48800be00, 0x00007ff487025600,
0x00007ff48729d200, 0x00007ff488201a00, 0x00007ff489164600, 0x00007ff4892cda00,
0x00007ff48780ce00, 0x00007ff487487e00
}

Java Threads: ( => current thread )
  0x00007ff489021e00 JavaThread "Reference Handler" daemon [_thread_blocked, id=13827, stack(0x0000700009994000,0x0000700009a94000)]
  0x00007ff489024600 JavaThread "Finalizer" daemon [_thread_blocked, id=14083, stack(0x0000700009a97000,0x0000700009b97000)]
=>0x00007ff48800b200 JavaThread "Signal Dispatcher" daemon [_thread_in_vm, id=42499, stack(0x0000700009ca0000,0x0000700009da0000)]
  0x00007ff48800b800 JavaThread "Service Thread" daemon [_thread_blocked, id=23299, stack(0x0000700009da3000,0x0000700009ea3000)]
  0x00007ff489024000 JavaThread "C2 CompilerThread0" daemon [_thread_blocked, id=24067, stack(0x0000700009ea6000,0x0000700009fa6000)]
  0x00007ff487008e00 JavaThread "C1 CompilerThread0" daemon [_thread_blocked, id=41475, stack(0x0000700009fa9000,0x000070000a0a9000)]
  0x00007ff48786ec00 JavaThread "Sweeper thread" daemon [_thread_blocked, id=40963, stack(0x000070000a0ac000,0x000070000a1ac000)]
  0x00007ff487020000 JavaThread "Common-Cleaner" daemon [_thread_blocked, id=40195, stack(0x000070000a1af000,0x000070000a2af000)]
  0x00007ff48786f200 JavaThread "JDWP Transport Listener: dt_socket" daemon [_thread_in_native, id=39939, stack(0x000070000a2b2000,0x000070000a3b2000)]
  0x00007ff48785b800 JavaThread "JDWP Event Helper Thread" daemon [_thread_blocked, id=39171, stack(0x000070000a3b5000,0x000070000a4b5000)]
  0x00007ff48800be00 JavaThread "Notification Thread" daemon [_thread_blocked, id=27139, stack(0x000070000a5bb000,0x000070000a6bb000)]
  0x00007ff487025600 JavaThread "AppKit Thread" daemon [_thread_in_native, id=775, stack(0x00007ffee700b000,0x00007ffee780b000)]
  0x00007ff48729d200 JavaThread "Java2D Queue Flusher" daemon [_thread_blocked, id=59907, stack(0x000070000abd3000,0x000070000acd3000)]
  0x00007ff488201a00 JavaThread "Java2D Disposer" daemon [_thread_blocked, id=71427, stack(0x000070000acd6000,0x000070000add6000)]
  0x00007ff489164600 JavaThread "AWT-Shutdown" [_thread_blocked, id=45351, stack(0x000070000a947000,0x000070000aa47000)]
  0x00007ff4892cda00 JavaThread "AWT-EventQueue-0" [_thread_blocked, id=67339, stack(0x000070000add9000,0x000070000aed9000)]
  0x00007ff48780ce00 JavaThread "DestroyJavaVM" [_thread_blocked, id=5635, stack(0x000070000927f000,0x000070000937f000)]
  0x00007ff487487e00 JavaThread "TimerQueue" daemon [_thread_blocked, id=88579, stack(0x000070000b1e5000,0x000070000b2e5000)]

Other Threads:
  0x00007ff486d2bd70 VMThread "VM Thread" [stack: 0x0000700009891000,0x0000700009991000] [id=17155]
  0x00007ff4888551f0 WatcherThread [stack: 0x000070000a6be000,0x000070000a7be000] [id=37635]
  0x00007ff486d13130 GCTaskThread "GC Thread#0" [stack: 0x0000700009382000,0x0000700009482000] [id=19715]
  0x00007ff486e43570 GCTaskThread "GC Thread#1" [stack: 0x000070000a7c1000,0x000070000a8c1000] [id=27651]
  0x00007ff48b83d510 GCTaskThread "GC Thread#2" [stack: 0x000070000afdf000,0x000070000b0df000] [id=129539]
  0x00007ff48b60b730 GCTaskThread "GC Thread#3" [stack: 0x000070000b0e2000,0x000070000b1e2000] [id=129027]
  0x00007ff4888083d0 ConcurrentGCThread "G1 Main Marker" [stack: 0x0000700009485000,0x0000700009585000] [id=19203]
  0x00007ff488809490 ConcurrentGCThread "G1 Conc#0" [stack: 0x0000700009588000,0x0000700009688000] [id=18691]
  0x00007ff486d20b20 ConcurrentGCThread "G1 Refine#0" [stack: 0x000070000968b000,0x000070000978b000] [id=17923]
  0x00007ff486d21bd0 ConcurrentGCThread "G1 Young RemSet Sampling" [stack: 0x000070000978e000,0x000070000988e000] [id=13059]

Threads with active compile tasks:

VM state: not at safepoint (normal execution)

VM Mutex/Monitor currently owned by a thread: None

Heap address: 0x00000007c0000000, size: 1024 MB, Compressed Oops mode: Zero based, Oop shift amount: 3
CDS archive(s) mapped at: [0x0000000800000000-0x0000000800b2d000-0x0000000800b2d000), size 11718656, SharedBaseAddress: 0x0000000800000000, ArchiveRelocationMode: 0.
Compressed class space mapped at: 0x0000000800b30000-0x0000000840b30000, size: 1073741824
Narrow klass base: 0x0000000800000000, Narrow klass shift: 3, Narrow klass range: 0x100000000

GC Precious Log:
 CPUs: 4 total, 4 available
 Memory: 4096M
 Large Page Support: Disabled
 NUMA Support: Disabled
 Compressed Oops: Enabled (Zero based)
 Heap Region Size: 1M
 Heap Min Capacity: 8M
 Heap Initial Capacity: 64M
 Heap Max Capacity: 1G
 Pre-touch: Disabled
 Parallel Workers: 4
 Concurrent Workers: 1
 Concurrent Refinement Workers: 4
 Periodic GC: Disabled

Heap:
 garbage-first heap   total 34816K, used 15016K [0x00000007c0000000, 0x0000000800000000)
  region size 1024K, 9 young (9216K), 1 survivors (1024K)
 Metaspace       used 28111K, capacity 28390K, committed 28928K, reserved 1075200K
  class space    used 3473K, capacity 3576K, committed 3584K, reserved 1048576K

Heap Regions: E=young(eden), S=young(survivor), O=old, HS=humongous(starts), HC=humongous(continues), CS=collection set, F=free, OA=open archive, CA=closed archive, TAMS=top-at-mark-start (previous, next)
|   0|0x00000007c0000000, 0x00000007c0100000, 0x00000007c0100000|100%| O|  |TAMS 0x00000007c0100000, 0x00000007c0000000| Untracked 
|   1|0x00000007c0100000, 0x00000007c0200000, 0x00000007c0200000|100%| O|  |TAMS 0x00000007c0100000, 0x00000007c0100000| Untracked 
|   2|0x00000007c0200000, 0x00000007c0300000, 0x00000007c0300000|100%| O|  |TAMS 0x00000007c0200000, 0x00000007c0200000| Untracked 
|   3|0x00000007c0300000, 0x00000007c0400000, 0x00000007c0400000|100%| O|  |TAMS 0x00000007c0300000, 0x00000007c0300000| Untracked 
|   4|0x00000007c0400000, 0x00000007c0500000, 0x00000007c0500000|100%| O|  |TAMS 0x00000007c0500000, 0x00000007c0400000| Untracked 
|   5|0x00000007c0500000, 0x00000007c05db800, 0x00000007c0600000| 85%| O|  |TAMS 0x00000007c05db800, 0x00000007c0500000| Untracked 
|   6|0x00000007c0600000, 0x00000007c0613600, 0x00000007c0700000|  7%| O|  |TAMS 0x00000007c0600000, 0x00000007c0600000| Untracked 
|   7|0x00000007c0700000, 0x00000007c0700000, 0x00000007c0800000|  0%| F|  |TAMS 0x00000007c0700000, 0x00000007c0700000| Untracked 
|   8|0x00000007c0800000, 0x00000007c0800000, 0x00000007c0900000|  0%| F|  |TAMS 0x00000007c0800000, 0x00000007c0800000| Untracked 
|   9|0x00000007c0900000, 0x00000007c0900000, 0x00000007c0a00000|  0%| F|  |TAMS 0x00000007c0900000, 0x00000007c0900000| Untracked 
|  10|0x00000007c0a00000, 0x00000007c0a00000, 0x00000007c0b00000|  0%| F|  |TAMS 0x00000007c0a00000, 0x00000007c0a00000| Untracked 
|  11|0x00000007c0b00000, 0x00000007c0b00000, 0x00000007c0c00000|  0%| F|  |TAMS 0x00000007c0b00000, 0x00000007c0b00000| Untracked 
|  12|0x00000007c0c00000, 0x00000007c0c00000, 0x00000007c0d00000|  0%| F|  |TAMS 0x00000007c0c00000, 0x00000007c0c00000| Untracked 
|  13|0x00000007c0d00000, 0x00000007c0d00000, 0x00000007c0e00000|  0%| F|  |TAMS 0x00000007c0d00000, 0x00000007c0d00000| Untracked 
|  14|0x00000007c0e00000, 0x00000007c0e00000, 0x00000007c0f00000|  0%| F|  |TAMS 0x00000007c0e00000, 0x00000007c0e00000| Untracked 
|  15|0x00000007c0f00000, 0x00000007c0f00000, 0x00000007c1000000|  0%| F|  |TAMS 0x00000007c0f00000, 0x00000007c0f00000| Untracked 
|  16|0x00000007c1000000, 0x00000007c1000000, 0x00000007c1100000|  0%| F|  |TAMS 0x00000007c1000000, 0x00000007c1000000| Untracked 
|  17|0x00000007c1100000, 0x00000007c11f1278, 0x00000007c1200000| 94%| S|CS|TAMS 0x00000007c1100000, 0x00000007c1100000| Complete 
|  18|0x00000007c1200000, 0x00000007c1200000, 0x00000007c1300000|  0%| F|  |TAMS 0x00000007c1200000, 0x00000007c1200000| Untracked 
|  19|0x00000007c1300000, 0x00000007c1300000, 0x00000007c1400000|  0%| F|  |TAMS 0x00000007c1300000, 0x00000007c1300000| Untracked 
|  20|0x00000007c1400000, 0x00000007c1400000, 0x00000007c1500000|  0%| F|  |TAMS 0x00000007c1400000, 0x00000007c1400000| Untracked 
|  21|0x00000007c1500000, 0x00000007c1500000, 0x00000007c1600000|  0%| F|  |TAMS 0x00000007c1500000, 0x00000007c1500000| Untracked 
|  22|0x00000007c1600000, 0x00000007c1600000, 0x00000007c1700000|  0%| F|  |TAMS 0x00000007c1600000, 0x00000007c1600000| Untracked 
|  23|0x00000007c1700000, 0x00000007c1700000, 0x00000007c1800000|  0%| F|  |TAMS 0x00000007c1700000, 0x00000007c1700000| Untracked 
|  24|0x00000007c1800000, 0x00000007c183bb88, 0x00000007c1900000| 23%| E|  |TAMS 0x00000007c1800000, 0x00000007c1800000| Complete 
|  25|0x00000007c1900000, 0x00000007c1a00000, 0x00000007c1a00000|100%| E|CS|TAMS 0x00000007c1900000, 0x00000007c1900000| Complete 
|  26|0x00000007c1a00000, 0x00000007c1b00000, 0x00000007c1b00000|100%| E|CS|TAMS 0x00000007c1a00000, 0x00000007c1a00000| Complete 
|  27|0x00000007c1b00000, 0x00000007c1c00000, 0x00000007c1c00000|100%| E|CS|TAMS 0x00000007c1b00000, 0x00000007c1b00000| Complete 
|  28|0x00000007c1c00000, 0x00000007c1d00000, 0x00000007c1d00000|100%| E|CS|TAMS 0x00000007c1c00000, 0x00000007c1c00000| Complete 
|  29|0x00000007c1d00000, 0x00000007c1e00000, 0x00000007c1e00000|100%| E|CS|TAMS 0x00000007c1d00000, 0x00000007c1d00000| Complete 
|  30|0x00000007c1e00000, 0x00000007c1f00000, 0x00000007c1f00000|100%| E|CS|TAMS 0x00000007c1e00000, 0x00000007c1e00000| Complete 
|  63|0x00000007c3f00000, 0x00000007c4000000, 0x00000007c4000000|100%| E|CS|TAMS 0x00000007c3f00000, 0x00000007c3f00000| Complete 
|1022|0x00000007ffe00000, 0x00000007ffe51000, 0x00000007fff00000| 31%|OA|  |TAMS 0x00000007ffe51000, 0x00000007ffe00000| Untracked 
|1023|0x00000007fff00000, 0x00000007fff79000, 0x0000000800000000| 47%|CA|  |TAMS 0x00000007fff79000, 0x00000007fff00000| Untracked 

Card table byte_map: [0x0000000112614000,0x0000000112814000] _byte_map_base: 0x000000010e814000

Marking Bits (Prev, Next): (CMBitMap*) 0x00007ff489008e50, (CMBitMap*) 0x00007ff489008e10
 Prev Bits: [0x0000000113a14000, 0x0000000114a14000)
 Next Bits: [0x0000000112a14000, 0x0000000113a14000)

Polling page: 0x000000010843b000

Metaspace:

Usage:
  Non-class:     24.23 MB capacity,    24.06 MB (>99%) used,   137.58 KB ( <1%) free+waste,    38.88 KB ( <1%) overhead. 
      Class:      3.49 MB capacity,     3.39 MB ( 97%) used,    87.09 KB (  2%) free+waste,    14.94 KB ( <1%) overhead. 
       Both:     27.72 MB capacity,    27.45 MB (>99%) used,   224.66 KB ( <1%) free+waste,    53.81 KB ( <1%) overhead. 

Virtual space:
  Non-class space:       26.00 MB reserved,      24.75 MB ( 95%) committed 
      Class space:        1.00 GB reserved,       3.50 MB ( <1%) committed 
             Both:        1.03 GB reserved,      28.25 MB (  3%) committed 

Chunk freelists:
   Non-Class:  386.00 KB
       Class:  8.00 KB
        Both:  394.00 KB

MaxMetaspaceSize: 17179869184.00 GB
CompressedClassSpaceSize: 1.00 GB

CodeHeap 'non-profiled nmethods': size=120032Kb used=1226Kb max_used=1226Kb free=118805Kb
 bounds [0x000000011d540000, 0x000000011d7b0000, 0x0000000124a78000]
CodeHeap 'profiled nmethods': size=120028Kb used=6509Kb max_used=6509Kb free=113518Kb
 bounds [0x0000000116009000, 0x0000000116669000, 0x000000011d540000]
CodeHeap 'non-nmethods': size=5700Kb used=1495Kb max_used=1537Kb free=4204Kb
 bounds [0x0000000115a78000, 0x0000000115ce8000, 0x0000000116009000]
 total_blobs=3983 nmethods=3224 adapters=671
 compilation: enabled
              stopped_count=0, restarted_count=0
 full_count=0

Compilation events (20 events):
Event: 17.584 Thread 0x00007ff487008e00 nmethod 3227 0x0000000116661a90 code [0x0000000116661c20, 0x0000000116661e10]
Event: 17.584 Thread 0x00007ff487008e00 3228       3       java.awt.Rectangle::move (11 bytes)
Event: 17.584 Thread 0x00007ff489024000 nmethod 3225 0x000000011d672390 code [0x000000011d672500, 0x000000011d6725d8]
Event: 17.585 Thread 0x00007ff487008e00 nmethod 3228 0x0000000116661f10 code [0x00000001166620a0, 0x0000000116662190]
Event: 17.586 Thread 0x00007ff487008e00 3226       3       java.awt.Rectangle::setBounds (21 bytes)
Event: 17.586 Thread 0x00007ff487008e00 nmethod 3226 0x0000000116662210 code [0x00000001166623a0, 0x0000000116662580]
Event: 17.586 Thread 0x00007ff487008e00 3231       1       java.awt.Image::getAccelerationPriority (5 bytes)
Event: 17.586 Thread 0x00007ff487008e00 nmethod 3231 0x000000011d672690 code [0x000000011d672820, 0x000000011d6728d0]
Event: 29.555 Thread 0x00007ff487008e00 3232       3       java.util.concurrent.locks.ReentrantLock::tryLock (8 bytes)
Event: 29.556 Thread 0x00007ff487008e00 nmethod 3232 0x0000000116662690 code [0x0000000116662820, 0x0000000116662960]
Event: 29.556 Thread 0x00007ff487008e00 3233       3       java.util.concurrent.locks.ReentrantLock$Sync::tryLock (63 bytes)
Event: 29.556 Thread 0x00007ff487008e00 nmethod 3233 0x0000000116662a10 code [0x0000000116662c20, 0x0000000116663130]
Event: 29.661 Thread 0x00007ff487008e00 3234       3       sun.java2d.pipe.RenderQueue::tryLock (4 bytes)
Event: 29.661 Thread 0x00007ff487008e00 nmethod 3234 0x0000000116663290 code [0x0000000116663440, 0x00000001166636e0]
Event: 29.661 Thread 0x00007ff487008e00 3235       3       sun.awt.SunToolkit::awtTryLock (7 bytes)
Event: 29.662 Thread 0x00007ff487008e00 nmethod 3235 0x0000000116663810 code [0x00000001166639c0, 0x0000000116663bc0]
Event: 35.609 Thread 0x00007ff487008e00 3236       3       sun.awt.AWTAutoShutdown::notifyToolkitThreadBusy (8 bytes)
Event: 35.610 Thread 0x00007ff487008e00 nmethod 3236 0x0000000116663d10 code [0x0000000116663ec0, 0x0000000116664020]
Event: 35.610 Thread 0x00007ff487008e00 3237       3       sun.awt.AWTAutoShutdown::notifyToolkitThreadFree (8 bytes)
Event: 35.610 Thread 0x00007ff487008e00 nmethod 3237 0x0000000116664110 code [0x00000001166642c0, 0x0000000116664420]

GC Heap History (10 events):
Event: 1.442 GC heap before
{Heap before GC invocations=0 (full 0):
 garbage-first heap   total 67584K, used 14120K [0x00000007c0000000, 0x0000000800000000)
  region size 1024K, 13 young (13312K), 0 survivors (0K)
 Metaspace       used 5332K, capacity 5626K, committed 5888K, reserved 1056768K
  class space    used 615K, capacity 684K, committed 768K, reserved 1048576K
}
Event: 1.472 GC heap after
{Heap after GC invocations=1 (full 0):
 garbage-first heap   total 67584K, used 3668K [0x00000007c0000000, 0x0000000800000000)
  region size 1024K, 2 young (2048K), 2 survivors (2048K)
 Metaspace       used 5332K, capacity 5626K, committed 5888K, reserved 1056768K
  class space    used 615K, capacity 684K, committed 768K, reserved 1048576K
}
Event: 4.627 GC heap before
{Heap before GC invocations=1 (full 0):
 garbage-first heap   total 67584K, used 23124K [0x00000007c0000000, 0x0000000800000000)
  region size 1024K, 19 young (19456K), 2 survivors (2048K)
 Metaspace       used 15379K, capacity 15585K, committed 16000K, reserved 1062912K
  class space    used 1798K, capacity 1883K, committed 1920K, reserved 1048576K
}
Event: 4.639 GC heap after
{Heap after GC invocations=2 (full 0):
 garbage-first heap   total 67584K, used 8580K [0x00000007c0000000, 0x0000000800000000)
  region size 1024K, 2 young (2048K), 2 survivors (2048K)
 Metaspace       used 15379K, capacity 15585K, committed 16000K, reserved 1062912K
  class space    used 1798K, capacity 1883K, committed 1920K, reserved 1048576K
}
Event: 7.913 GC heap before
{Heap before GC invocations=2 (full 0):
 garbage-first heap   total 67584K, used 42372K [0x00000007c0000000, 0x0000000800000000)
  region size 1024K, 36 young (36864K), 2 survivors (2048K)
 Metaspace       used 20709K, capacity 20864K, committed 21248K, reserved 1069056K
  class space    used 2422K, capacity 2481K, committed 2560K, reserved 1048576K
}
Event: 7.928 GC heap after
{Heap after GC invocations=3 (full 0):
 garbage-first heap   total 67584K, used 7024K [0x00000007c0000000, 0x0000000800000000)
  region size 1024K, 4 young (4096K), 4 survivors (4096K)
 Metaspace       used 20709K, capacity 20864K, committed 21248K, reserved 1069056K
  class space    used 2422K, capacity 2481K, committed 2560K, reserved 1048576K
}
Event: 8.322 GC heap before
{Heap before GC invocations=4 (full 0):
 garbage-first heap   total 34816K, used 23408K [0x00000007c0000000, 0x0000000800000000)
  region size 1024K, 20 young (20480K), 4 survivors (4096K)
 Metaspace       used 23156K, capacity 23375K, committed 23808K, reserved 1071104K
  class space    used 2729K, capacity 2804K, committed 2816K, reserved 1048576K
}
Event: 8.337 GC heap after
{Heap after GC invocations=5 (full 0):
 garbage-first heap   total 34816K, used 7907K [0x00000007c0000000, 0x0000000800000000)
  region size 1024K, 1 young (1024K), 1 survivors (1024K)
 Metaspace       used 23156K, capacity 23375K, committed 23808K, reserved 1071104K
  class space    used 2729K, capacity 2804K, committed 2816K, reserved 1048576K
}
Event: 8.656 GC heap before
{Heap before GC invocations=5 (full 0):
 garbage-first heap   total 34816K, used 21219K [0x00000007c0000000, 0x0000000800000000)
  region size 1024K, 15 young (15360K), 1 survivors (1024K)
 Metaspace       used 24840K, capacity 25071K, committed 25728K, reserved 1071104K
  class space    used 2982K, capacity 3092K, committed 3200K, reserved 1048576K
}
Event: 8.659 GC heap after
{Heap after GC invocations=6 (full 0):
 garbage-first heap   total 34816K, used 7848K [0x00000007c0000000, 0x0000000800000000)
  region size 1024K, 1 young (1024K), 1 survivors (1024K)
 Metaspace       used 24840K, capacity 25071K, committed 25728K, reserved 1071104K
  class space    used 2982K, capacity 3092K, committed 3200K, reserved 1048576K
}

Deoptimization events (20 events):
Event: 15.044 Thread 0x00007ff4892cda00 DEOPT PACKING pc=0x000000011d65fe20 sp=0x000070000aed3d90
Event: 15.044 Thread 0x00007ff4892cda00 DEOPT UNPACKING pc=0x0000000115ac6125 sp=0x000070000aed3d38 mode 2
Event: 15.045 Thread 0x00007ff4892cda00 Uncommon trap: trap_request=0xffffffde fr.pc=0x000000011d65fe20 relative=0x0000000000000120
Event: 15.045 Thread 0x00007ff4892cda00 Uncommon trap: reason=class_check action=maybe_recompile pc=0x000000011d65fe20 method=jdk.internal.misc.Unsafe.allocateUninitializedArray(Ljava/lang/Class;I)Ljava/lang/Object; @ 51 c2
Event: 15.045 Thread 0x00007ff4892cda00 DEOPT PACKING pc=0x000000011d65fe20 sp=0x000070000aed7670
Event: 15.045 Thread 0x00007ff4892cda00 DEOPT UNPACKING pc=0x0000000115ac6125 sp=0x000070000aed7618 mode 2
Event: 15.046 Thread 0x00007ff4892cda00 Uncommon trap: trap_request=0xffffffde fr.pc=0x000000011d65fe20 relative=0x0000000000000120
Event: 15.046 Thread 0x00007ff4892cda00 Uncommon trap: reason=class_check action=maybe_recompile pc=0x000000011d65fe20 method=jdk.internal.misc.Unsafe.allocateUninitializedArray(Ljava/lang/Class;I)Ljava/lang/Object; @ 51 c2
Event: 15.046 Thread 0x00007ff4892cda00 DEOPT PACKING pc=0x000000011d65fe20 sp=0x000070000aed74a0
Event: 15.046 Thread 0x00007ff4892cda00 DEOPT UNPACKING pc=0x0000000115ac6125 sp=0x000070000aed7448 mode 2
Event: 15.050 Thread 0x00007ff48905f000 Uncommon trap: trap_request=0xffffff45 fr.pc=0x000000011d64340c relative=0x000000000000024c
Event: 15.050 Thread 0x00007ff48905f000 Uncommon trap: reason=unstable_if action=reinterpret pc=0x000000011d64340c method=java.util.StringTokenizer.scanToken(I)I @ 42 c2
Event: 15.050 Thread 0x00007ff48905f000 DEOPT PACKING pc=0x000000011d64340c sp=0x000070000afdab40
Event: 15.050 Thread 0x00007ff48905f000 DEOPT UNPACKING pc=0x0000000115ac6125 sp=0x000070000afdab00 mode 2
Event: 15.050 Thread 0x00007ff48905f000 Uncommon trap: trap_request=0xffffff45 fr.pc=0x000000011d5e0d4c relative=0x000000000000088c
Event: 15.050 Thread 0x00007ff48905f000 Uncommon trap: reason=unstable_if action=reinterpret pc=0x000000011d5e0d4c method=java.lang.AbstractStringBuilder.append(Ljava/lang/String;)Ljava/lang/AbstractStringBuilder; @ 1 c2
Event: 15.050 Thread 0x00007ff48905f000 DEOPT PACKING pc=0x000000011d5e0d4c sp=0x000070000afda9a0
Event: 15.050 Thread 0x00007ff48905f000 DEOPT UNPACKING pc=0x0000000115ac6125 sp=0x000070000afda998 mode 2
Event: 15.072 Thread 0x00007ff4892cda00 DEOPT PACKING pc=0x000000011635f46c sp=0x000070000aed7df0
Event: 15.072 Thread 0x00007ff4892cda00 DEOPT UNPACKING pc=0x0000000115ac5f2b sp=0x000070000aed72b8 mode 0

Classes unloaded (0 events):
No events

Classes redefined (0 events):
No events

Internal exceptions (20 events):
Event: 8.364 Thread 0x00007ff4892cda00 Exception <a 'java/lang/ArrayIndexOutOfBoundsException'{0x00000007c1e36bf0}> (0x00000007c1e36bf0) 
thrown [src/hotspot/share/runtime/sharedRuntime.cpp, line 585]
Event: 8.365 Thread 0x00007ff4892cda00 Exception <a 'java/lang/ArrayIndexOutOfBoundsException'{0x00000007c1e37f08}> (0x00000007c1e37f08) 
thrown [src/hotspot/share/runtime/sharedRuntime.cpp, line 585]
Event: 8.431 Thread 0x00007ff4892cda00 Exception <a 'java/lang/ArrayIndexOutOfBoundsException'{0x00000007c1ab9a60}> (0x00000007c1ab9a60) 
thrown [src/hotspot/share/runtime/sharedRuntime.cpp, line 585]
Event: 8.431 Thread 0x00007ff4892cda00 Exception <a 'java/lang/ArrayIndexOutOfBoundsException'{0x00000007c1aba4e0}> (0x00000007c1aba4e0) 
thrown [src/hotspot/share/runtime/sharedRuntime.cpp, line 585]
Event: 8.431 Thread 0x00007ff4892cda00 Exception <a 'java/lang/ArrayIndexOutOfBoundsException'{0x00000007c1abb160}> (0x00000007c1abb160) 
thrown [src/hotspot/share/runtime/sharedRuntime.cpp, line 585]
Event: 8.431 Thread 0x00007ff4892cda00 Exception <a 'java/lang/ArrayIndexOutOfBoundsException'{0x00000007c1abc1e0}> (0x00000007c1abc1e0) 
thrown [src/hotspot/share/runtime/sharedRuntime.cpp, line 585]
Event: 8.435 Thread 0x00007ff4892cda00 Exception <a 'java/lang/ArrayIndexOutOfBoundsException'{0x00000007c1ae0008}> (0x00000007c1ae0008) 
thrown [src/hotspot/share/runtime/sharedRuntime.cpp, line 585]
Event: 8.435 Thread 0x00007ff4892cda00 Exception <a 'java/lang/ArrayIndexOutOfBoundsException'{0x00000007c1ae0a88}> (0x00000007c1ae0a88) 
thrown [src/hotspot/share/runtime/sharedRuntime.cpp, line 585]
Event: 8.436 Thread 0x00007ff4892cda00 Exception <a 'java/lang/ArrayIndexOutOfBoundsException'{0x00000007c1ae1708}> (0x00000007c1ae1708) 
thrown [src/hotspot/share/runtime/sharedRuntime.cpp, line 585]
Event: 8.436 Thread 0x00007ff4892cda00 Exception <a 'java/lang/ArrayIndexOutOfBoundsException'{0x00000007c1ae2788}> (0x00000007c1ae2788) 
thrown [src/hotspot/share/runtime/sharedRuntime.cpp, line 585]
Event: 8.442 Thread 0x00007ff4892cda00 Exception <a 'java/lang/ArrayIndexOutOfBoundsException'{0x00000007c19269b8}> (0x00000007c19269b8) 
thrown [src/hotspot/share/runtime/sharedRuntime.cpp, line 585]
Event: 8.442 Thread 0x00007ff4892cda00 Exception <a 'java/lang/ArrayIndexOutOfBoundsException'{0x00000007c1927438}> (0x00000007c1927438) 
thrown [src/hotspot/share/runtime/sharedRuntime.cpp, line 585]
Event: 8.443 Thread 0x00007ff4892cda00 Exception <a 'java/lang/ArrayIndexOutOfBoundsException'{0x00000007c19280b8}> (0x00000007c19280b8) 
thrown [src/hotspot/share/runtime/sharedRuntime.cpp, line 585]
Event: 8.443 Thread 0x00007ff4892cda00 Exception <a 'java/lang/ArrayIndexOutOfBoundsException'{0x00000007c1929138}> (0x00000007c1929138) 
thrown [src/hotspot/share/runtime/sharedRuntime.cpp, line 585]
Event: 8.448 Thread 0x00007ff4892cda00 Exception <a 'java/lang/ArrayIndexOutOfBoundsException'{0x00000007c195c128}> (0x00000007c195c128) 
thrown [src/hotspot/share/runtime/sharedRuntime.cpp, line 585]
Event: 8.448 Thread 0x00007ff4892cda00 Exception <a 'java/lang/ArrayIndexOutOfBoundsException'{0x00000007c195c900}> (0x00000007c195c900) 
thrown [src/hotspot/share/runtime/sharedRuntime.cpp, line 585]
Event: 8.449 Thread 0x00007ff4892cda00 Exception <a 'java/lang/ArrayIndexOutOfBoundsException'{0x00000007c195d2d8}> (0x00000007c195d2d8) 
thrown [src/hotspot/share/runtime/sharedRuntime.cpp, line 585]
Event: 8.449 Thread 0x00007ff4892cda00 Exception <a 'java/lang/ArrayIndexOutOfBoundsException'{0x00000007c195e0b0}> (0x00000007c195e0b0) 
thrown [src/hotspot/share/runtime/sharedRuntime.cpp, line 585]
Event: 15.046 Thread 0x00007ff4892cda00 Exception <a 'java/io/FileNotFoundException'{0x00000007c1afa858}> (0x00000007c1afa858) 
thrown [src/hotspot/share/prims/jni.cpp, line 578]
Event: 15.050 Thread 0x00007ff48905f000 Implicit null exception at 0x000000011d5e04f4 to 0x000000011d5e0d34

Events (20 events):
Event: 15.244 loading class java/awt/LightweightDispatcher$2 done
Event: 15.272 loading class java/awt/Event
Event: 15.272 loading class java/awt/Event done
Event: 15.275 loading class javax/swing/SwingHeavyWeight
Event: 15.275 loading class javax/swing/SwingHeavyWeight done
Event: 15.288 loading class javax/swing/JComponent$KeyboardState
Event: 15.288 loading class javax/swing/JComponent$KeyboardState done
Event: 15.288 loading class javax/swing/JComponent$IntVector
Event: 15.288 loading class javax/swing/JComponent$IntVector done
Event: 15.418 Executing VM operation: HandshakeAllThreads
Event: 15.418 Executing VM operation: HandshakeAllThreads done
Event: 16.418 Executing VM operation: HandshakeAllThreads
Event: 16.419 Executing VM operation: HandshakeAllThreads done
Event: 17.304 loading class sun/awt/DebugSettings
Event: 17.304 loading class sun/awt/DebugSettings done
Event: 20.064 Protecting memory [0x000070000aedc000,0x000070000aee0000] with protection modes 3
Event: 20.064 Thread 0x00007ff48905f000 Thread exited: 0x00007ff48905f000
Event: 51.035 Protecting memory [0x000070000a4b8000,0x000070000a4bc000] with protection modes 3
Event: 51.035 Thread 0x00007ff48785be00 Thread exited: 0x00007ff48785be00
Event: 51.051 loading class jdk/internal/misc/Signal$1


Dynamic libraries:
0x00007fff678ec000 	/usr/lib/libz.1.dylib
0x0000000108404000 	/usr/local/Cellar/openjdk/15.0.1/libexec/openjdk.jdk/Contents/Home/lib/libjli.dylib
0x00007fff2d5d1000 	/System/Library/Frameworks/Cocoa.framework/Versions/A/Cocoa
0x00007fff3adc8000 	/System/Library/Frameworks/Security.framework/Versions/A/Security
0x00007fff2c536000 	/System/Library/Frameworks/ApplicationServices.framework/Versions/A/ApplicationServices
0x00007fff653b0000 	/usr/lib/libSystem.B.dylib
0x00007fff681ad000 	/usr/lib/system/libcache.dylib
0x00007fff681b3000 	/usr/lib/system/libcommonCrypto.dylib
0x00007fff681bf000 	/usr/lib/system/libcompiler_rt.dylib
0x00007fff681c7000 	/usr/lib/system/libcopyfile.dylib
0x00007fff681d1000 	/usr/lib/system/libcorecrypto.dylib
0x00007fff68370000 	/usr/lib/system/libdispatch.dylib
0x00007fff683b1000 	/usr/lib/system/libdyld.dylib
0x00007fff683e8000 	/usr/lib/system/libkeymgr.dylib
0x00007fff683f6000 	/usr/lib/system/liblaunch.dylib
0x00007fff683f7000 	/usr/lib/system/libmacho.dylib
0x00007fff683fd000 	/usr/lib/system/libquarantine.dylib
0x00007fff68400000 	/usr/lib/system/libremovefile.dylib
0x00007fff68402000 	/usr/lib/system/libsystem_asl.dylib
0x00007fff6841a000 	/usr/lib/system/libsystem_blocks.dylib
0x00007fff6841b000 	/usr/lib/system/libsystem_c.dylib
0x00007fff684a3000 	/usr/lib/system/libsystem_configuration.dylib
0x00007fff684a7000 	/usr/lib/system/libsystem_coreservices.dylib
0x00007fff684ab000 	/usr/lib/system/libsystem_darwin.dylib
0x00007fff684b4000 	/usr/lib/system/libsystem_dnssd.dylib
0x00007fff684bc000 	/usr/lib/system/libsystem_featureflags.dylib
0x00007fff684be000 	/usr/lib/system/libsystem_info.dylib
0x00007fff68539000 	/usr/lib/system/libsystem_m.dylib
0x00007fff68581000 	/usr/lib/system/libsystem_malloc.dylib
0x00007fff685a9000 	/usr/lib/system/libsystem_networkextension.dylib
0x00007fff685b7000 	/usr/lib/system/libsystem_notify.dylib
0x00007fff685d5000 	/usr/lib/system/libsystem_sandbox.dylib
0x00007fff685da000 	/usr/lib/system/libsystem_secinit.dylib
0x00007fff6850c000 	/usr/lib/system/libsystem_kernel.dylib
0x00007fff685c1000 	/usr/lib/system/libsystem_platform.dylib
0x00007fff685ca000 	/usr/lib/system/libsystem_pthread.dylib
0x00007fff685dd000 	/usr/lib/system/libsystem_symptoms.dylib
0x00007fff685e5000 	/usr/lib/system/libsystem_trace.dylib
0x00007fff685fd000 	/usr/lib/system/libunwind.dylib
0x00007fff68603000 	/usr/lib/system/libxpc.dylib
0x00007fff67210000 	/usr/lib/libobjc.A.dylib
0x00007fff656e9000 	/usr/lib/libc++abi.dylib
0x00007fff65696000 	/usr/lib/libc++.1.dylib
0x00007fff2e473000 	/System/Library/Frameworks/CoreFoundation.framework/Versions/A/CoreFoundation
0x00007fff30b30000 	/System/Library/Frameworks/Foundation.framework/Versions/C/Foundation
0x00007fff2b726000 	/System/Library/Frameworks/AppKit.framework/Versions/C/AppKit
0x00007fff2df55000 	/System/Library/Frameworks/CoreData.framework/Versions/A/CoreData
0x00007fff5f3c5000 	/System/Library/PrivateFrameworks/UIFoundation.framework/Versions/A/UIFoundation
0x00007fff5a459000 	/System/Library/PrivateFrameworks/RemoteViewServices.framework/Versions/A/RemoteViewServices
0x00007fff61f20000 	/System/Library/PrivateFrameworks/XCTTargetBootstrap.framework/Versions/A/XCTTargetBootstrap
0x00007fff2e340000 	/System/Library/Frameworks/CoreDisplay.framework/Versions/A/CoreDisplay
0x00007fff339eb000 	/System/Library/Frameworks/Metal.framework/Versions/A/Metal
0x00007fff4845c000 	/System/Library/PrivateFrameworks/DesktopServicesPriv.framework/Versions/A/DesktopServicesPriv
0x00007fff664eb000 	/usr/lib/liblangid.dylib
0x00007fff476f1000 	/System/Library/PrivateFrameworks/CoreSVG.framework/Versions/A/CoreSVG
0x00007fff5d5b5000 	/System/Library/PrivateFrameworks/SkyLight.framework/Versions/A/SkyLight
0x00007fff2e8f4000 	/System/Library/Frameworks/CoreGraphics.framework/Versions/A/CoreGraphics
0x00007fff2a0fa000 	/System/Library/Frameworks/Accelerate.framework/Versions/A/Accelerate
0x00007fff677dd000 	/usr/lib/libxml2.2.dylib
0x00007fff533e4000 	/System/Library/PrivateFrameworks/IconServices.framework/Versions/A/IconServices
0x00007fff3130f000 	/System/Library/Frameworks/IOSurface.framework/Versions/A/IOSurface
0x00007fff64eda000 	/usr/lib/libDiagnosticMessagesClient.dylib
0x00007fff482b6000 	/System/Library/PrivateFrameworks/DFRFoundation.framework/Versions/A/DFRFoundation
0x00007fff6627a000 	/usr/lib/libicucore.A.dylib
0x00007fff2c868000 	/System/Library/Frameworks/AudioToolbox.framework/Versions/A/AudioToolbox
0x00007fff2c94b000 	/System/Library/Frameworks/AudioUnit.framework/Versions/A/AudioUnit
0x00007fff655b2000 	/usr/lib/libauto.dylib
0x00007fff48358000 	/System/Library/PrivateFrameworks/DataDetectorsCore.framework/Versions/A/DataDetectorsCore
0x00007fff2d0f2000 	/System/Library/Frameworks/Carbon.framework/Versions/A/Frameworks/HIToolbox.framework/Versions/A/HIToolbox
0x00007fff39fc4000 	/System/Library/Frameworks/QuartzCore.framework/Versions/A/QuartzCore
0x00007fff2d431000 	/System/Library/Frameworks/Carbon.framework/Versions/A/Frameworks/SpeechRecognition.framework/Versions/A/SpeechRecognition
0x00007fff47dca000 	/System/Library/PrivateFrameworks/CoreUI.framework/Versions/A/CoreUI
0x00007fff2d9c0000 	/System/Library/Frameworks/CoreAudio.framework/Versions/A/CoreAudio
0x00007fff307ef000 	/System/Library/Frameworks/DiskArbitration.framework/Versions/A/DiskArbitration
0x00007fff55434000 	/System/Library/PrivateFrameworks/MultitouchSupport.framework/Versions/A/MultitouchSupport
0x00007fff66141000 	/usr/lib/libenergytrace.dylib
0x00007fff31269000 	/System/Library/Frameworks/IOKit.framework/Versions/A/IOKit
0x00007fff2f85b000 	/System/Library/Frameworks/CoreServices.framework/Versions/A/CoreServices
0x00007fff575ec000 	/System/Library/PrivateFrameworks/PerformanceAnalysis.framework/Versions/A/PerformanceAnalysis
0x00007fff38ff7000 	/System/Library/Frameworks/OpenGL.framework/Versions/A/OpenGL
0x00007fff2d5df000 	/System/Library/Frameworks/ColorSync.framework/Versions/A/ColorSync
0x00007fff2ef77000 	/System/Library/Frameworks/CoreImage.framework/Versions/A/CoreImage
0x00007fff302ce000 	/System/Library/Frameworks/CoreText.framework/Versions/A/CoreText
0x00007fff3139f000 	/System/Library/Frameworks/ImageIO.framework/Versions/A/ImageIO
0x00007fff65712000 	/usr/lib/libcompression.dylib
0x00007fff6521e000 	/usr/lib/libMobileGestalt.dylib
0x00007fff5f12f000 	/System/Library/PrivateFrameworks/TextureIO.framework/Versions/A/TextureIO
0x00007fff65515000 	/usr/lib/libate.dylib
0x00007fff535ed000 	/System/Library/PrivateFrameworks/InternationalSupport.framework/Versions/A/InternationalSupport
0x00007fff664ed000 	/usr/lib/liblzma.5.dylib
0x00007fff66168000 	/usr/lib/libfakelink.dylib
0x00007fff654a2000 	/usr/lib/libarchive.2.dylib
0x00007fff3be79000 	/System/Library/Frameworks/SystemConfiguration.framework/Versions/A/SystemConfiguration
0x00007fff64e0d000 	/usr/lib/libCRFSuite.dylib
0x00007fff2cce2000 	/System/Library/Frameworks/CFNetwork.framework/Versions/A/CFNetwork
0x00007fff65678000 	/usr/lib/libbsm.0.dylib
0x00007fff683e9000 	/usr/lib/system/libkxld.dylib
0x00007fff41c33000 	/System/Library/PrivateFrameworks/AppleFSCompression.framework/Versions/A/AppleFSCompression
0x00007fff65a03000 	/usr/lib/libcoretls.dylib
0x00007fff65a1a000 	/usr/lib/libcoretls_cfhelpers.dylib
0x00007fff67256000 	/usr/lib/libpam.2.dylib
0x00007fff6738b000 	/usr/lib/libsqlite3.dylib
0x00007fff677ca000 	/usr/lib/libxar.1.dylib
0x00007fff65689000 	/usr/lib/libbz2.1.0.dylib
0x00007fff66189000 	/usr/lib/libiconv.2.dylib
0x00007fff656ff000 	/usr/lib/libcharset.1.dylib
0x00007fff66cf3000 	/usr/lib/libnetwork.dylib
0x00007fff6725d000 	/usr/lib/libpcap.A.dylib
0x00007fff65457000 	/usr/lib/libapple_nghttp2.dylib
0x00007fff2fc12000 	/System/Library/Frameworks/CoreServices.framework/Versions/A/Frameworks/FSEvents.framework/Versions/A/FSEvents
0x00007fff2f8e2000 	/System/Library/Frameworks/CoreServices.framework/Versions/A/Frameworks/CarbonCore.framework/Versions/A/CarbonCore
0x00007fff2fe56000 	/System/Library/Frameworks/CoreServices.framework/Versions/A/Frameworks/Metadata.framework/Versions/A/Metadata
0x00007fff2feef000 	/System/Library/Frameworks/CoreServices.framework/Versions/A/Frameworks/OSServices.framework/Versions/A/OSServices
0x00007fff2ff1d000 	/System/Library/Frameworks/CoreServices.framework/Versions/A/Frameworks/SearchKit.framework/Versions/A/SearchKit
0x00007fff2f85c000 	/System/Library/Frameworks/CoreServices.framework/Versions/A/Frameworks/AE.framework/Versions/A/AE
0x00007fff2fc1b000 	/System/Library/Frameworks/CoreServices.framework/Versions/A/Frameworks/LaunchServices.framework/Versions/A/LaunchServices
0x00007fff2fbc4000 	/System/Library/Frameworks/CoreServices.framework/Versions/A/Frameworks/DictionaryServices.framework/Versions/A/DictionaryServices
0x00007fff2ff85000 	/System/Library/Frameworks/CoreServices.framework/Versions/A/Frameworks/SharedFileList.framework/Versions/A/SharedFileList
0x00007fff34e16000 	/System/Library/Frameworks/NetFS.framework/Versions/A/NetFS
0x00007fff55964000 	/System/Library/PrivateFrameworks/NetAuth.framework/Versions/A/NetAuth
0x00007fff622ed000 	/System/Library/PrivateFrameworks/login.framework/Versions/A/Frameworks/loginsupport.framework/Versions/A/loginsupport
0x00007fff5ebfa000 	/System/Library/PrivateFrameworks/TCC.framework/Versions/A/TCC
0x00007fff46864000 	/System/Library/PrivateFrameworks/CoreNLP.framework/Versions/A/CoreNLP
0x00007fff54e61000 	/System/Library/PrivateFrameworks/MetadataUtilities.framework/Versions/A/MetadataUtilities
0x00007fff665c5000 	/usr/lib/libmecabra.dylib
0x00007fff6651d000 	/usr/lib/libmecab.dylib
0x00007fff66179000 	/usr/lib/libgermantok.dylib
0x00007fff6543e000 	/usr/lib/libThaiTokenizer.dylib
0x00007fff64e44000 	/usr/lib/libChineseTokenizer.dylib
0x00007fff2a112000 	/System/Library/Frameworks/Accelerate.framework/Versions/A/Frameworks/vImage.framework/Versions/A/vImage
0x00007fff2b57c000 	/System/Library/Frameworks/Accelerate.framework/Versions/A/Frameworks/vecLib.framework/Versions/A/vecLib
0x00007fff2b4b9000 	/System/Library/Frameworks/Accelerate.framework/Versions/A/Frameworks/vecLib.framework/Versions/A/libvMisc.dylib
0x00007fff2b2e1000 	/System/Library/Frameworks/Accelerate.framework/Versions/A/Frameworks/vecLib.framework/Versions/A/libvDSP.dylib
0x00007fff2a769000 	/System/Library/Frameworks/Accelerate.framework/Versions/A/Frameworks/vecLib.framework/Versions/A/libBLAS.dylib
0x00007fff2aea5000 	/System/Library/Frameworks/Accelerate.framework/Versions/A/Frameworks/vecLib.framework/Versions/A/libLAPACK.dylib
0x00007fff2b241000 	/System/Library/Frameworks/Accelerate.framework/Versions/A/Frameworks/vecLib.framework/Versions/A/libLinearAlgebra.dylib
0x00007fff2b2ce000 	/System/Library/Frameworks/Accelerate.framework/Versions/A/Frameworks/vecLib.framework/Versions/A/libSparseBLAS.dylib
0x00007fff2b257000 	/System/Library/Frameworks/Accelerate.framework/Versions/A/Frameworks/vecLib.framework/Versions/A/libQuadrature.dylib
0x00007fff2a9d1000 	/System/Library/Frameworks/Accelerate.framework/Versions/A/Frameworks/vecLib.framework/Versions/A/libBNNS.dylib
0x00007fff2b25d000 	/System/Library/Frameworks/Accelerate.framework/Versions/A/Frameworks/vecLib.framework/Versions/A/libSparse.dylib
0x00007fff539d5000 	/System/Library/PrivateFrameworks/LanguageModeling.framework/Versions/A/LanguageModeling
0x00007fff46214000 	/System/Library/PrivateFrameworks/CoreEmoji.framework/Versions/A/CoreEmoji
0x00007fff53af3000 	/System/Library/PrivateFrameworks/LinguisticData.framework/Versions/A/LinguisticData
0x00007fff53aa4000 	/System/Library/PrivateFrameworks/Lexicon.framework/Versions/A/Lexicon
0x00007fff65700000 	/usr/lib/libcmph.dylib
0x00007fff37a05000 	/System/Library/Frameworks/OpenDirectory.framework/Versions/A/Frameworks/CFOpenDirectory.framework/Versions/A/CFOpenDirectory
0x00007fff37a22000 	/System/Library/Frameworks/OpenDirectory.framework/Versions/A/OpenDirectory
0x00007fff3fe63000 	/System/Library/PrivateFrameworks/APFS.framework/Versions/A/APFS
0x00007fff3b112000 	/System/Library/Frameworks/SecurityFoundation.framework/Versions/A/SecurityFoundation
0x00007fff677c6000 	/usr/lib/libutil.dylib
0x00007fff47749000 	/System/Library/PrivateFrameworks/CoreServicesStore.framework/Versions/A/CoreServicesStore
0x00007fff3b1c9000 	/System/Library/Frameworks/ServiceManagement.framework/Versions/A/ServiceManagement
0x00007fff43403000 	/System/Library/PrivateFrameworks/BackgroundTaskManagement.framework/Versions/A/BackgroundTaskManagement
0x00007fff678c3000 	/usr/lib/libxslt.1.dylib
0x00007fff422a6000 	/System/Library/PrivateFrameworks/AppleSystemInfo.framework/Versions/A/AppleSystemInfo
0x00007fff315ba000 	/System/Library/Frameworks/ImageIO.framework/Versions/A/Resources/libJPEG.dylib
0x00007fff31879000 	/System/Library/Frameworks/ImageIO.framework/Versions/A/Resources/libTIFF.dylib
0x00007fff3185c000 	/System/Library/Frameworks/ImageIO.framework/Versions/A/Resources/libPng.dylib
0x00007fff314fc000 	/System/Library/Frameworks/ImageIO.framework/Versions/A/Resources/libGIF.dylib
0x00007fff31500000 	/System/Library/Frameworks/ImageIO.framework/Versions/A/Resources/libJP2.dylib
0x00007fff31877000 	/System/Library/Frameworks/ImageIO.framework/Versions/A/Resources/libRadiance.dylib
0x00007fff66142000 	/usr/lib/libexpat.1.dylib
0x00007fff41d8e000 	/System/Library/PrivateFrameworks/AppleJPEG.framework/Versions/A/AppleJPEG
0x00007fff4aa49000 	/System/Library/PrivateFrameworks/FontServices.framework/libFontParser.dylib
0x00007fff612ef000 	/System/Library/PrivateFrameworks/WatchdogClient.framework/Versions/A/WatchdogClient
0x00007fff53030000 	/System/Library/PrivateFrameworks/IOAccelerator.framework/Versions/A/IOAccelerator
0x00007fff33d86000 	/System/Library/Frameworks/MetalPerformanceShaders.framework/Versions/A/MetalPerformanceShaders
0x00007fff4f7c6000 	/System/Library/PrivateFrameworks/GPUWrangler.framework/Versions/A/GPUWrangler
0x00007fff53045000 	/System/Library/PrivateFrameworks/IOPresentment.framework/Versions/A/IOPresentment
0x00007fff482c9000 	/System/Library/PrivateFrameworks/DSExternalDisplay.framework/Versions/A/DSExternalDisplay
0x00007fff38396000 	/System/Library/Frameworks/OpenGL.framework/Versions/A/Libraries/libCoreFSCache.dylib
0x00007fff33ad2000 	/System/Library/Frameworks/MetalPerformanceShaders.framework/Frameworks/MPSCore.framework/Versions/A/MPSCore
0x00007fff33b10000 	/System/Library/Frameworks/MetalPerformanceShaders.framework/Frameworks/MPSImage.framework/Versions/A/MPSImage
0x00007fff33bd7000 	/System/Library/Frameworks/MetalPerformanceShaders.framework/Frameworks/MPSNeuralNetwork.framework/Versions/A/MPSNeuralNetwork
0x00007fff33b9b000 	/System/Library/Frameworks/MetalPerformanceShaders.framework/Frameworks/MPSMatrix.framework/Versions/A/MPSMatrix
0x00007fff33d36000 	/System/Library/Frameworks/MetalPerformanceShaders.framework/Frameworks/MPSRayIntersector.framework/Versions/A/MPSRayIntersector
0x00007fff33bc1000 	/System/Library/Frameworks/MetalPerformanceShaders.framework/Frameworks/MPSNDArray.framework/Versions/A/MPSNDArray
0x00007fff54eae000 	/System/Library/PrivateFrameworks/MetalTools.framework/Versions/A/MetalTools
0x00007fff4103d000 	/System/Library/PrivateFrameworks/AggregateDictionary.framework/Versions/A/AggregateDictionary
0x00007fff45c5c000 	/System/Library/PrivateFrameworks/CoreAnalytics.framework/Versions/A/CoreAnalytics
0x00007fff421c5000 	/System/Library/PrivateFrameworks/AppleSauce.framework/Versions/A/AppleSauce
0x00007fff65100000 	/usr/lib/libIOReport.dylib
0x00007fff30486000 	/System/Library/Frameworks/CoreVideo.framework/Versions/A/CoreVideo
0x00007fff50c3f000 	/System/Library/PrivateFrameworks/GraphVisualizer.framework/Versions/A/GraphVisualizer
0x00007fff49f8f000 	/System/Library/PrivateFrameworks/FaceCore.framework/Versions/A/FaceCore
0x00007fff379ac000 	/System/Library/Frameworks/OpenCL.framework/Versions/A/OpenCL
0x00007fff64f22000 	/usr/lib/libFosl_dynamic.dylib
0x00007fff56384000 	/System/Library/PrivateFrameworks/OTSVG.framework/Versions/A/OTSVG
0x00007fff2c63b000 	/System/Library/Frameworks/ApplicationServices.framework/Versions/A/Frameworks/ATS.framework/Versions/A/Resources/libFontRegistry.dylib
0x00007fff4ac1a000 	/System/Library/PrivateFrameworks/FontServices.framework/libhvf.dylib
0x00007fff383a1000 	/System/Library/Frameworks/OpenGL.framework/Versions/A/Libraries/libGFXShared.dylib
0x00007fff3857f000 	/System/Library/Frameworks/OpenGL.framework/Versions/A/Libraries/libGLU.dylib
0x00007fff383aa000 	/System/Library/Frameworks/OpenGL.framework/Versions/A/Libraries/libGL.dylib
0x00007fff383b5000 	/System/Library/Frameworks/OpenGL.framework/Versions/A/Libraries/libGLImage.dylib
0x00007fff38393000 	/System/Library/Frameworks/OpenGL.framework/Versions/A/Libraries/libCVMSPluginSupport.dylib
0x00007fff3839c000 	/System/Library/Frameworks/OpenGL.framework/Versions/A/Libraries/libCoreVMClient.dylib
0x00007fff66b94000 	/usr/lib/libncurses.5.4.dylib
0x00007fff2c537000 	/System/Library/Frameworks/ApplicationServices.framework/Versions/A/Frameworks/ATS.framework/Versions/A/ATS
0x00007fff2c704000 	/System/Library/Frameworks/ApplicationServices.framework/Versions/A/Frameworks/ColorSyncLegacy.framework/Versions/A/ColorSyncLegacy
0x00007fff2c7a2000 	/System/Library/Frameworks/ApplicationServices.framework/Versions/A/Frameworks/HIServices.framework/Versions/A/HIServices
0x00007fff2c7fa000 	/System/Library/Frameworks/ApplicationServices.framework/Versions/A/Frameworks/LangAnalysis.framework/Versions/A/LangAnalysis
0x00007fff2c809000 	/System/Library/Frameworks/ApplicationServices.framework/Versions/A/Frameworks/PrintCore.framework/Versions/A/PrintCore
0x00007fff2c84f000 	/System/Library/Frameworks/ApplicationServices.framework/Versions/A/Frameworks/QD.framework/Versions/A/QD
0x00007fff2c85a000 	/System/Library/Frameworks/ApplicationServices.framework/Versions/A/Frameworks/SpeechSynthesis.framework/Versions/A/SpeechSynthesis
0x00007fff2c6d4000 	/System/Library/Frameworks/ApplicationServices.framework/Versions/A/Frameworks/ATSUI.framework/Versions/A/ATSUI
0x00007fff65fd8000 	/usr/lib/libcups.2.dylib
0x00007fff32e21000 	/System/Library/Frameworks/Kerberos.framework/Versions/A/Kerberos
0x00007fff30f62000 	/System/Library/Frameworks/GSS.framework/Versions/A/GSS
0x00007fff67317000 	/usr/lib/libresolv.9.dylib
0x00007fff50dec000 	/System/Library/PrivateFrameworks/Heimdal.framework/Versions/A/Heimdal
0x00007fff32e34000 	/System/Library/Frameworks/Kerberos.framework/Versions/A/Libraries/libHeimdalProxy.dylib
0x00007fff6617f000 	/usr/lib/libheimdal-asn1.dylib
0x00007fff450f4000 	/System/Library/PrivateFrameworks/CommonAuth.framework/Versions/A/CommonAuth
0x00007fff42343000 	/System/Library/PrivateFrameworks/AssertionServices.framework/Versions/A/AssertionServices
0x00007fff42ee6000 	/System/Library/PrivateFrameworks/AudioToolboxCore.framework/Versions/A/AudioToolboxCore
0x00007fff61f9d000 	/System/Library/PrivateFrameworks/caulk.framework/Versions/A/caulk
0x00007fff434af000 	/System/Library/PrivateFrameworks/BaseBoard.framework/Versions/A/BaseBoard
0x00007fff5a5e7000 	/System/Library/PrivateFrameworks/RunningBoardServices.framework/Versions/A/RunningBoardServices
0x00007fff575f8000 	/System/Library/PrivateFrameworks/PersistentConnection.framework/Versions/A/PersistentConnection
0x00007fff59fe0000 	/System/Library/PrivateFrameworks/ProtocolBuffer.framework/Versions/A/ProtocolBuffer
0x00007fff45118000 	/System/Library/PrivateFrameworks/CommonUtilities.framework/Versions/A/CommonUtilities
0x00007fff4363d000 	/System/Library/PrivateFrameworks/Bom.framework/Versions/A/Bom
0x00007fff64dd3000 	/usr/lib/libAudioToolboxUtility.dylib
0x00007fff4340d000 	/System/Library/PrivateFrameworks/Backup.framework/Versions/A/Backup
0x00007fff481ea000 	/System/Library/PrivateFrameworks/CrashReporterSupport.framework/Versions/A/CrashReporterSupport
0x00007fff5c079000 	/System/Library/PrivateFrameworks/Sharing.framework/Versions/A/Sharing
0x00007fff41951000 	/System/Library/PrivateFrameworks/Apple80211.framework/Versions/A/Apple80211
0x00007fff4312a000 	/System/Library/PrivateFrameworks/AuthKit.framework/Versions/A/AuthKit
0x00007fff47ef7000 	/System/Library/PrivateFrameworks/CoreUtils.framework/Versions/A/CoreUtils
0x00007fff304cb000 	/System/Library/Frameworks/CoreWLAN.framework/Versions/A/CoreWLAN
0x00007fff310ef000 	/System/Library/Frameworks/IOBluetooth.framework/Versions/A/IOBluetooth
0x00007fff551b3000 	/System/Library/PrivateFrameworks/MobileKeyBag.framework/Versions/A/MobileKeyBag
0x00007fff46cfc000 	/System/Library/PrivateFrameworks/CorePhoneNumbers.framework/Versions/A/CorePhoneNumbers
0x00007fff41d41000 	/System/Library/PrivateFrameworks/AppleIDAuthSupport.framework/Versions/A/AppleIDAuthSupport
0x00007fff34e23000 	/System/Library/Frameworks/Network.framework/Versions/A/Network
0x00007fff53881000 	/System/Library/PrivateFrameworks/KeychainCircle.framework/Versions/A/KeychainCircle
0x00007fff2df1c000 	/System/Library/Frameworks/CoreBluetooth.framework/Versions/A/CoreBluetooth
0x00007fff5e0f8000 	/System/Library/PrivateFrameworks/SpeechRecognitionCore.framework/Versions/A/SpeechRecognitionCore
0x0000000108e00000 	/usr/local/Cellar/openjdk/15.0.1/libexec/openjdk.jdk/Contents/Home/lib/server/libjvm.dylib
0x000000010842b000 	/usr/local/Cellar/openjdk/15.0.1/libexec/openjdk.jdk/Contents/Home/lib/libjimage.dylib
0x000000010843d000 	/usr/local/Cellar/openjdk/15.0.1/libexec/openjdk.jdk/Contents/Home/lib/libjdwp.dylib
0x0000000108481000 	/usr/local/Cellar/openjdk/15.0.1/libexec/openjdk.jdk/Contents/Home/lib/libjava.dylib
0x00000001084b1000 	/usr/local/Cellar/openjdk/15.0.1/libexec/openjdk.jdk/Contents/Home/lib/libinstrument.dylib
0x000000010854b000 	/usr/local/Cellar/openjdk/15.0.1/libexec/openjdk.jdk/Contents/Home/lib/libdt_socket.dylib
0x000000010855b000 	/usr/local/Cellar/openjdk/15.0.1/libexec/openjdk.jdk/Contents/Home/lib/libzip.dylib
0x000000010856b000 	/usr/local/Cellar/openjdk/15.0.1/libexec/openjdk.jdk/Contents/Home/lib/libnio.dylib
0x0000000108583000 	/usr/local/Cellar/openjdk/15.0.1/libexec/openjdk.jdk/Contents/Home/lib/libnet.dylib
0x000000010859f000 	/usr/local/Cellar/openjdk/15.0.1/libexec/openjdk.jdk/Contents/Home/lib/libverify.dylib
0x0000000115214000 	/usr/local/Cellar/openjdk/15.0.1/libexec/openjdk.jdk/Contents/Home/lib/libawt.dylib
0x00000001152cc000 	/usr/local/Cellar/openjdk/15.0.1/libexec/openjdk.jdk/Contents/Home/lib/libmlib_image.dylib
0x00007fff32e0b000 	/System/Library/Frameworks/JavaVM.framework/Versions/A/Frameworks/JavaNativeFoundation.framework/Versions/A/JavaNativeFoundation
0x00007fff32e14000 	/System/Library/Frameworks/JavaVM.framework/Versions/A/Frameworks/JavaRuntimeSupport.framework/Versions/A/JavaRuntimeSupport
0x00007fff32e1c000 	/System/Library/Frameworks/JavaVM.framework/Versions/A/JavaVM
0x00007fff53698000 	/System/Library/PrivateFrameworks/JavaLaunching.framework/Versions/A/JavaLaunching
0x00007fff2d0ed000 	/System/Library/Frameworks/Carbon.framework/Versions/A/Carbon
0x00007fff47c9c000 	/System/Library/PrivateFrameworks/CoreSymbolication.framework/Versions/A/CoreSymbolication
0x00007fff2d0ee000 	/System/Library/Frameworks/Carbon.framework/Versions/A/Frameworks/CommonPanels.framework/Versions/A/CommonPanels
0x00007fff2d3e7000 	/System/Library/Frameworks/Carbon.framework/Versions/A/Frameworks/Help.framework/Versions/A/Help
0x00007fff2d3eb000 	/System/Library/Frameworks/Carbon.framework/Versions/A/Frameworks/ImageCapture.framework/Versions/A/ImageCapture
0x00007fff2d3f2000 	/System/Library/Frameworks/Carbon.framework/Versions/A/Frameworks/OpenScripting.framework/Versions/A/OpenScripting
0x00007fff2d3f1000 	/System/Library/Frameworks/Carbon.framework/Versions/A/Frameworks/Ink.framework/Versions/A/Ink
0x00007fff2d42d000 	/System/Library/Frameworks/Carbon.framework/Versions/A/Frameworks/Print.framework/Versions/A/Print
0x00007fff2d42e000 	/System/Library/Frameworks/Carbon.framework/Versions/A/Frameworks/SecurityHI.framework/Versions/A/SecurityHI
0x00007fff4841e000 	/System/Library/PrivateFrameworks/DebugSymbols.framework/Versions/A/DebugSymbols
0x0000000115364000 	/usr/local/Cellar/openjdk/15.0.1/libexec/openjdk.jdk/Contents/Home/lib/libawt_lwawt.dylib
0x00000001085b3000 	/usr/local/Cellar/openjdk/15.0.1/libexec/openjdk.jdk/Contents/Home/lib/libosxapp.dylib
0x00007fff309cb000 	/System/Library/Frameworks/ExceptionHandling.framework/Versions/A/ExceptionHandling
0x0000000115418000 	/usr/local/Cellar/openjdk/15.0.1/libexec/openjdk.jdk/Contents/Home/lib/libfontmanager.dylib
0x000000011553c000 	/usr/local/Cellar/openjdk/15.0.1/libexec/openjdk.jdk/Contents/Home/lib/libfreetype.dylib
0x00007fff47715000 	/System/Library/PrivateFrameworks/CoreServicesInternal.framework/Versions/A/CoreServicesInternal
0x00007fff309ea000 	/System/Library/Frameworks/FileProvider.framework/Versions/A/FileProvider
0x00007fff2b57d000 	/System/Library/Frameworks/Accounts.framework/Versions/A/Accounts
0x00007fff4faeb000 	/System/Library/PrivateFrameworks/GenerationalStorage.framework/Versions/A/GenerationalStorage
0x00007fff5e93a000 	/System/Library/PrivateFrameworks/SymptomDiagnosticReporter.framework/Versions/A/SymptomDiagnosticReporter
0x00007fff41455000 	/System/Library/PrivateFrameworks/AppContainer.framework/Versions/A/AppContainer
0x00007fff67331000 	/usr/lib/libsandbox.1.dylib
0x00007fff60293000 	/System/Library/PrivateFrameworks/UserManagement.framework/Versions/A/UserManagement
0x00007fff441f9000 	/System/Library/PrivateFrameworks/ChunkingLibrary.framework/Versions/A/ChunkingLibrary
0x00007fff414c7000 	/System/Library/PrivateFrameworks/AppSandbox.framework/Versions/A/AppSandbox
0x00007fff5bf03000 	/System/Library/PrivateFrameworks/SecCodeWrapper.framework/Versions/A/SecCodeWrapper
0x00007fff651e8000 	/usr/lib/libMatch.1.dylib
0x00007fff21565000 	/System/Library/CoreServices/RawCamera.bundle/Contents/MacOS/RawCamera
0x00007fff54fdd000 	/System/Library/PrivateFrameworks/MobileAsset.framework/Versions/A/MobileAsset
0x00007fff5e7e2000 	/System/Library/PrivateFrameworks/StreamingZip.framework/Versions/A/StreamingZip
0x00007fff3329c000 	/System/Library/Frameworks/MediaToolbox.framework/Versions/A/MediaToolbox
0x00007fff45c0c000 	/System/Library/PrivateFrameworks/CoreAVCHD.framework/Versions/A/CoreAVCHD
0x00007fff331c6000 	/System/Library/Frameworks/MediaAccessibility.framework/Versions/A/MediaAccessibility
0x00007fff54391000 	/System/Library/PrivateFrameworks/Mangrove.framework/Versions/A/Mangrove
0x00007fff2f693000 	/System/Library/Frameworks/CoreMedia.framework/Versions/A/CoreMedia
0x00007fff545fd000 	/System/Library/PrivateFrameworks/MediaExperience.framework/Versions/A/MediaExperience
0x00007fff3c173000 	/System/Library/Frameworks/VideoToolbox.framework/Versions/A/VideoToolbox
0x00007fff45836000 	/System/Library/PrivateFrameworks/CoreAUC.framework/Versions/A/CoreAUC
0x00007fff67389000 	/usr/lib/libspindump.dylib
0x00007fff42895000 	/System/Library/PrivateFrameworks/AudioResourceArbitration.framework/Versions/A/AudioResourceArbitration
0x00007fff422aa000 	/System/Library/PrivateFrameworks/AppleVA.framework/Versions/A/AppleVA
0x00007fff2a0fb000 	/System/Library/Frameworks/Accelerate.framework/Versions/A/Frameworks/vImage.framework/Versions/A/Libraries/libCGInterfaces.dylib
0x000000011592a000 	/usr/lib/libobjc-trampolines.dylib
0x00007fff4ab81000 	/System/Library/PrivateFrameworks/FontServices.framework/libTrueTypeScaler.dylib
0x00007fff24922000 	/System/Library/Extensions/AppleIntelHD5000GraphicsMTLDriver.bundle/Contents/MacOS/AppleIntelHD5000GraphicsMTLDriver
0x00007fff4e10b000 	/System/Library/PrivateFrameworks/GPUCompiler.framework/Versions/3902/Libraries/libmetal_timestamp.dylib
0x00007fff6105f000 	/System/Library/PrivateFrameworks/ViewBridge.framework/Versions/A/ViewBridge
0x00007fff39007000 	/System/Library/Frameworks/OpenGL.framework/Versions/A/Resources/GLEngine.bundle/GLEngine
0x00007fff383ea000 	/System/Library/Frameworks/OpenGL.framework/Versions/A/Libraries/libGLProgrammability.dylib
0x00007fff24414000 	/System/Library/Extensions/AppleIntelHD5000GraphicsGLDriver.bundle/Contents/MacOS/AppleIntelHD5000GraphicsGLDriver
0x00007fff4f7ba000 	/System/Library/PrivateFrameworks/GPUSupport.framework/Versions/A/Libraries/libGPUSupportMercury.dylib
0x00007fff39181000 	/System/Library/Frameworks/OpenGL.framework/Versions/A/Resources/GLRendererFloat.bundle/GLRendererFloat
0x00007fff379a3000 	/System/Library/Frameworks/OpenCL.framework/Versions/A/Libraries/libcldcpuengine.dylib
0x00007fff622f0000 	/System/Library/PrivateFrameworks/login.framework/Versions/A/login
0x000000012ad8d000 	/usr/local/Cellar/openjdk/15.0.1/libexec/openjdk.jdk/Contents/Home/lib/libosxui.dylib
0x000000015ba9b000 	/usr/local/Cellar/openjdk/15.0.1/libexec/openjdk.jdk/Contents/Home/lib/libmanagement.dylib
0x000000015baa7000 	/usr/local/Cellar/openjdk/15.0.1/libexec/openjdk.jdk/Contents/Home/lib/libmanagement_ext.dylib


VM Arguments:
jvm_args: -XX:+ShowCodeDetailsInExceptionMessages -agentlib:jdwp=transport=dt_socket,suspend=y,address=localhost:55585 -javaagent:/Users/vitortorres/eclipse/java-2020-12/Eclipse.app/Contents/Eclipse/configuration/org.eclipse.osgi/213/0/.cp/lib/javaagent-shaded.jar -Dfile.encoding=UTF-8 
java_command: org.epilogtool.Launcher
java_class_path (initial): /Users/vitortorres/eclipse-workspace/epilog/target/test-classes:/Users/vitortorres/eclipse-workspace/epilog/target/classes:/Users/vitortorres/eclipse-workspace/bioLQMSofia/target/classes:/Users/vitortorres/eclipse-workspace/bioLQMSofia/target/test-classes:/Users/vitortorres/.m2/repository/org/junit/jupiter/junit-jupiter-api/5.2.0/junit-jupiter-api-5.2.0.jar:/Users/vitortorres/.m2/repository/org/apiguardian/apiguardian-api/1.0.0/apiguardian-api-1.0.0.jar:/Users/vitortorres/.m2/repository/org/opentest4j/opentest4j/1.1.0/opentest4j-1.1.0.jar:/Users/vitortorres/.m2/repository/org/junit/platform/junit-platform-commons/1.2.0/junit-platform-commons-1.2.0.jar:/Users/vitortorres/.m2/repository/org/kohsuke/metainf-services/metainf-services/1.8/metainf-services-1.8.jar:/Users/vitortorres/.m2/repository/org/colomoto/MDDlib/0.4.1/MDDlib-0.4.1.jar:/Users/vitortorres/.m2/repository/org/sbml/jsbml/jsbml/1.4/jsbml-1.4.jar:/Users/vitortorres/.m2/repository/org/sbml/jsbml/jsbml-core/1.4/jsbml-core-1.4.jar:/Users/vitortorres/.m2/repository/org/apache/logging/log4j/log4j-core/2.3/log4j-core-2.3.jar:/Users/vitortorres/.m2/repository/org/apache/logging/log4j/log4j-api/2.3/log4j-api-2.3.jar:/Users/vitortorres/.m2/repository/org/apache/logging/log4j/log4j-1.2-api/2.3/log4j-1.2-api-2.3.jar:/Users/vitortorres/.m2/repository/com/fasterxml/woodstox/woodstox-core/5.0.1/woodstox-core-5.0.1.jar:/Users/vitortorres/.m2/repository/org/codehaus/woodstox/stax2-api/3.1.4/stax2-api-3.1.4.jar:/Users/vitortorres/.m2/repository/org/w3c/jigsaw/jigsaw/2.2.6/jigsaw-2.2.6.jar:/Users/vitortorres/.m2/repository/org/biojava/biojava-ontology/4.0.0/biojava-ontology-4.0.0.jar:/Users/vitortorres/.m2/repository/org/slf4j/slf4j-api/1.7.10/slf4j-api-1.7.10.jar:/Users/vitortorres/.m2/repository/org/apache/logging/log4j/log4j-slf4j-impl/2.1/log4j-slf4j-impl-2.1.jar:/Users/vitortorres/.m2/repository/com/thoughtworks/xstream/xstream/1.3.1/xstream-1.3.1.jar:/Users/vitortorres/.m2/repository/xpp3/x
Launcher Type: SUN_STANDARD

[Global flags]
