#
# A fatal error has been detected by the Java Runtime Environment:
#
#  SIGSEGV (0xb) at pc=0x0000000100bec446, pid=12079, tid=42499
#
# JRE version: OpenJDK Runtime Environment (15.0.1+9) (build 15.0.1+9)
# Java VM: OpenJDK 64-Bit Server VM (15.0.1+9, mixed mode, sharing, tiered, compressed oops, g1 gc, bsd-amd64)
# Problematic frame:
# C  [libjimage.dylib+0x7446]  ImageFileReader::find_location_index(char const*, unsigned long long*) const+0x86
#
# No core dump will be written. Core dumps have been disabled. To enable core dumping, try "ulimit -c unlimited" before starting Java again
#
# If you would like to submit a bug report, please visit:
#   https://bugreport.java.com/bugreport/crash.jsp
#

---------------  S U M M A R Y ------------

Command Line: -XX:+ShowCodeDetailsInExceptionMessages -agentlib:jdwp=transport=dt_socket,suspend=y,address=localhost:55455 -javaagent:/Users/vitortorres/eclipse/java-2020-12/Eclipse.app/Contents/Eclipse/configuration/org.eclipse.osgi/213/0/.cp/lib/javaagent-shaded.jar -Dfile.encoding=UTF-8 org.epilogtool.Launcher

Host: MacBookAir6,2 x86_64 1300 MHz, 4 cores, 4G, Darwin 19.6.0
Time: Wed Mar 31 02:22:51 2021 WEST elapsed time: 52.352537 seconds (0d 0h 0m 52s)

---------------  T H R E A D  ---------------

Current thread (0x00007f8d7900aa00):  JavaThread "Signal Dispatcher" daemon [_thread_in_vm, id=42499, stack(0x0000700004e8b000,0x0000700004f8b000)]

Stack: [0x0000700004e8b000,0x0000700004f8b000],  sp=0x0000700004f89360,  free space=1016k
Native frames: (J=compiled Java code, A=aot compiled Java code, j=interpreted, Vv=VM code, C=native code)
C  [libjimage.dylib+0x7446]  ImageFileReader::find_location_index(char const*, unsigned long long*) const+0x86
C  [libjimage.dylib+0x78d1]  JIMAGE_FindResource+0xd1
V  [libjvm.dylib+0x29061a]  ClassPathImageEntry::open_stream_for_loader(char const*, ClassLoaderData*, Thread*)+0x7a
V  [libjvm.dylib+0x294485]  ClassLoader::load_class(Symbol*, bool, Thread*)+0x155
V  [libjvm.dylib+0x9bedf7]  SystemDictionary::load_instance_class(Symbol*, Handle, Thread*)+0x337
V  [libjvm.dylib+0x9bd935]  SystemDictionary::resolve_instance_class_or_null(Symbol*, Handle, Handle, Thread*)+0x7e5
V  [libjvm.dylib+0x9bcb8f]  SystemDictionary::resolve_or_fail(Symbol*, Handle, Handle, bool, Thread*)+0x5f
V  [libjvm.dylib+0x2ef1ab]  ConstantPool::klass_at_impl(constantPoolHandle const&, int, bool, Thread*)+0x19b