#
# A fatal error has been detected by the Java Runtime Environment:
#
#  SIGSEGV (0xb) at pc=0x000000010d63c3ec, pid=83711, tid=87815
#
# JRE version: OpenJDK Runtime Environment (15.0.1+9) (build 15.0.1+9)
# Java VM: OpenJDK 64-Bit Server VM (15.0.1+9, mixed mode, sharing, tiered, compressed oops, g1 gc, bsd-amd64)
# Problematic frame:
# C  [libjimage.dylib+0x73ec]  _ZNK15ImageFileReader19find_location_indexEPKcPy+0x2c
#
# No core dump will be written. Core dumps have been disabled. To enable core dumping, try "ulimit -c unlimited" before starting Java again
#
# If you would like to submit a bug report, please visit:
#   https://bugreport.java.com/bugreport/crash.jsp
#

---------------  S U M M A R Y ------------

Command Line: -XX:+ShowCodeDetailsInExceptionMessages -agentlib:jdwp=transport=dt_socket,suspend=y,address=localhost:65119 -javaagent:/Users/vitortorres/eclipse/java-2020-12/Eclipse.app/Contents/Eclipse/configuration/org.eclipse.osgi/213/0/.cp/lib/javaagent-shaded.jar -Dfile.encoding=UTF-8 org.epilogtool.Launcher

Host: MacBookAir6,2 x86_64 1300 MHz, 4 cores, 4G, Darwin 19.6.0
Time: Sun Mar 28 17:07:31 2021 WEST elapsed time: 52.644698 seconds (0d 0h 0m 52s)

---------------  T H R E A D  ---------------

Current thread (0x00007f862b3e4c00):  JavaThread "AWT-EventQueue-0" [_thread_in_vm, id=87815, stack(0x000070000910b000,0x000070000920b000)]

Stack: [0x000070000910b000,0x000070000920b000],  sp=0x0000700009207620,  free space=1009k
Native frames: (J=compiled Java code, A=aot compiled Java code, j=interpreted, Vv=VM code, C=native code)
C  [libjimage.dylib+0x73ec]  _ZNK15ImageFileReader19find_location_indexEPKcPy+0x2c
C  [libjimage.dylib+0x78d1]  JIMAGE_FindResource+0xd1
V  [libjvm.dylib+0x29061a]  _ZN19ClassPathImageEntry22open_stream_for_loaderEPKcP15ClassLoaderDataP6Thread+0x7a
V  [libjvm.dylib+0x294485]  _ZN11ClassLoader10load_classEP6SymbolbP6Thread+0x155
V  [libjvm.dylib+0x9bedf7]